2021-03-05 11:26:01 [@glpi]
Externo #1: Executar PurgeLogs
2021-03-05 11:26:01 [@glpi]
Externo #2: Executar checkAllUpdates
2021-03-05 11:26:01 [@glpi]
Externo #3: Executar DomainsAlert
2021-03-05 15:26:49 [@glpi]
Interno #1: Executar createinquest
2021-03-05 11:28:01 [@glpi]
Externo #1: Nada a ser executado
2021-03-05 11:30:01 [@glpi]
Externo #1: Nada a ser executado
2021-03-05 15:30:02 [@glpi]
Interno #1: Executar watcher
2021-03-05 11:32:01 [@glpi]
Externo #1: Nada a ser executado
2021-03-05 15:32:01 [2@glpi]
Interno #1: Executar ticketrecurrent
2021-03-05 11:34:01 [@glpi]
Externo #1: Nada a ser executado
2021-03-05 11:36:01 [@glpi]
Externo #1: Nada a ser executado
2021-03-05 11:38:01 [@glpi]
Externo #1: Nada a ser executado
2021-03-05 11:40:01 [@glpi]
Externo #1: Nada a ser executado
2021-03-05 11:42:01 [@glpi]
Externo #1: Nada a ser executado
2021-03-05 11:44:01 [@glpi]
Externo #1: Nada a ser executado
2021-03-05 11:46:01 [@glpi]
Externo #1: Nada a ser executado
2021-03-05 11:48:01 [@glpi]
Externo #1: Nada a ser executado
2021-03-05 11:50:01 [@glpi]
Externo #1: Nada a ser executado
2021-03-05 11:52:01 [@glpi]
Externo #1: Nada a ser executado
2021-03-05 11:54:01 [@glpi]
Externo #1: Nada a ser executado
2021-03-05 11:56:01 [@glpi]
Externo #1: Nada a ser executado
2021-03-05 11:58:01 [@glpi]
Externo #1: Nada a ser executado
2021-03-05 12:00:01 [@glpi]
Externo #1: Nada a ser executado
2021-03-05 12:02:01 [@glpi]
Externo #1: Nada a ser executado
2021-03-05 12:04:01 [@glpi]
Externo #1: Nada a ser executado
2021-03-05 12:06:01 [@glpi]
Externo #1: Nada a ser executado
2021-03-05 12:08:01 [@glpi]
Externo #1: Nada a ser executado
2021-03-05 12:10:01 [@glpi]
Externo #1: Nada a ser executado
2021-03-05 12:12:01 [@glpi]
Externo #1: Nada a ser executado
2021-03-05 12:14:01 [@glpi]
Externo #1: Nada a ser executado
2021-03-05 12:16:01 [@glpi]
Externo #1: Nada a ser executado
2021-03-05 12:18:01 [@glpi]
Externo #1: Nada a ser executado
2021-03-05 12:20:01 [@glpi]
Externo #1: Nada a ser executado
2021-03-05 12:22:12 [@glpi]
Externo #1: Nada a ser executado
2021-03-05 12:24:03 [@glpi]
Externo #1: Nada a ser executado
2021-03-05 12:26:02 [@glpi]
Externo #1: Nada a ser executado
2021-03-05 12:28:02 [@glpi]
Externo #1: Nada a ser executado
2021-03-05 12:30:01 [@glpi]
Externo #1: Nada a ser executado
2021-03-05 22:01:58 [2@glpi]
Interno #1: Executar planningrecall
2021-03-05 18:02:01 [@glpi]
Externo #1: Nada a ser executado
2021-03-05 22:02:05 [@glpi]
Interno #1: Executar queuednotification
2021-03-05 18:04:01 [@glpi]
Externo #1: Nada a ser executado
2021-03-05 18:06:01 [@glpi]
Externo #1: Nada a ser executado
2021-03-05 18:08:01 [@glpi]
Externo #1: Nada a ser executado
2021-03-05 18:10:01 [@glpi]
Externo #1: Nada a ser executado
2021-03-05 18:12:01 [@glpi]
Externo #1: Nada a ser executado
2021-03-05 18:14:01 [@glpi]
Externo #1: Nada a ser executado
2021-03-05 18:16:01 [@glpi]
Externo #1: Nada a ser executado
2021-03-05 18:18:01 [@glpi]
Externo #1: Nada a ser executado
2021-03-05 18:20:01 [@glpi]
Externo #1: Nada a ser executado
2021-03-05 18:22:01 [@glpi]
Externo #1: Nada a ser executado
2021-03-05 18:24:01 [@glpi]
Externo #1: Nada a ser executado
2021-03-05 18:26:01 [@glpi]
Externo #1: Nada a ser executado
2021-03-05 18:28:01 [@glpi]
Externo #1: Nada a ser executado
2021-03-05 18:30:01 [@glpi]
Externo #1: Nada a ser executado
2021-03-05 18:32:01 [@glpi]
Externo #1: Nada a ser executado
2021-03-05 18:34:01 [@glpi]
Externo #1: Nada a ser executado
2021-03-05 18:36:01 [@glpi]
Externo #1: Nada a ser executado
2021-03-05 18:38:01 [@glpi]
Externo #1: Nada a ser executado
2021-03-05 18:40:01 [@glpi]
Externo #1: Nada a ser executado
2021-03-05 18:42:01 [@glpi]
Externo #1: Nada a ser executado
2021-03-05 18:44:01 [@glpi]
Externo #1: Nada a ser executado
2021-03-05 18:46:01 [@glpi]
Externo #1: Nada a ser executado
2021-03-05 18:48:01 [@glpi]
Externo #1: Nada a ser executado
2021-03-05 18:50:01 [@glpi]
Externo #1: Nada a ser executado
2021-03-05 18:52:01 [@glpi]
Externo #1: Nada a ser executado
2021-03-05 18:54:01 [@glpi]
Externo #1: Nada a ser executado
2021-03-05 18:56:01 [@glpi]
Externo #1: Nada a ser executado
2021-03-05 18:58:01 [@glpi]
Externo #1: Nada a ser executado
2021-03-05 19:00:01 [@glpi]
Externo #1: Nada a ser executado
2021-03-05 19:02:01 [@glpi]
Externo #1: Nada a ser executado
2021-03-05 19:04:01 [@glpi]
Externo #1: Nada a ser executado
2021-03-05 19:06:01 [@glpi]
Externo #1: Nada a ser executado
2021-03-05 19:08:01 [@glpi]
Externo #1: Nada a ser executado
2021-03-05 19:10:01 [@glpi]
Externo #1: Nada a ser executado
2021-03-05 19:12:01 [@glpi]
Externo #1: Nada a ser executado
2021-03-05 19:14:01 [@glpi]
Externo #1: Nada a ser executado
2021-03-05 19:16:01 [@glpi]
Externo #1: Nada a ser executado
